Build started 7/31/2015 5:14:00 PM.
     1>Project "C:\Users\Carter Blalack\Documents\GitHub\ArdirelDungeons\ArdirelDefense\ArdirelDefense\ArdirelDefense.vcxproj" on node 2 (Build target(s)).
     1>ClCompile:
         C:\Program Files (x86)\Microsoft Visual Studio 11.0\VC\bin\CL.exe /c /ZI /nologo /W3 /WX- /sdl /Od /Oy- /D WIN32 /D _DEBUG /D _CONSOLE /D _UNICODE /D UNICODE /Gm /EHsc /RTC1 /MDd /GS /fp:precise /Zc:wchar_t /Zc:forScope /Fo"Debug\\" /Fd"Debug\vc110.pdb" /Gd /TP /analyze- /errorReport:prompt GameWorld.cpp
         GameWorld.cpp
     1>c:\users\carter blalack\documents\github\ardireldungeons\ardireldefense\ardireldefense\gameworld.cpp(125): warning C4018: '<' : signed/unsigned mismatch
     1>c:\users\carter blalack\documents\github\ardireldungeons\ardireldefense\ardireldefense\gameworld.cpp(194): warning C4018: '<' : signed/unsigned mismatch
     1>c:\users\carter blalack\documents\github\ardireldungeons\ardireldefense\ardireldefense\gameworld.cpp(218): warning C4018: '<' : signed/unsigned mismatch
     1>c:\users\carter blalack\documents\github\ardireldungeons\ardireldefense\ardireldefense\gameworld.cpp(262): warning C4018: '<' : signed/unsigned mismatch
     1>c:\users\carter blalack\documents\github\ardireldungeons\ardireldefense\ardireldefense\gameworld.cpp(286): warning C4018: '<' : signed/unsigned mismatch
     1>c:\users\carter blalack\documents\github\ardireldungeons\ardireldefense\ardireldefense\gameworld.cpp(534): warning C4244: '=' : conversion from 'double' to 'int', possible loss of data
     1>c:\users\carter blalack\documents\github\ardireldungeons\ardireldefense\ardireldefense\gameworld.cpp(540): warning C4244: '=' : conversion from 'double' to 'int', possible loss of data
     1>c:\users\carter blalack\documents\github\ardireldungeons\ardireldefense\ardireldefense\gameworld.cpp(541): warning C4244: '=' : conversion from 'double' to 'int', possible loss of data
     1>c:\users\carter blalack\documents\github\ardireldungeons\ardireldefense\ardireldefense\gameworld.cpp(544): warning C4244: '=' : conversion from 'double' to 'int', possible loss of data
     1>c:\users\carter blalack\documents\github\ardireldungeons\ardireldefense\ardireldefense\gameworld.cpp(577): warning C4018: '<' : signed/unsigned mismatch
     1>c:\users\carter blalack\documents\github\ardireldungeons\ardireldefense\ardireldefense\gameworld.cpp(606): warning C4018: '<' : signed/unsigned mismatch
     1>c:\users\carter blalack\documents\github\ardireldungeons\ardireldefense\ardireldefense\gameworld.cpp(607): warning C4018: '<' : signed/unsigned mismatch
     1>c:\users\carter blalack\documents\github\ardireldungeons\ardireldefense\ardireldefense\gameworld.cpp(608): warning C4018: '<' : signed/unsigned mismatch
     1>c:\users\carter blalack\documents\github\ardireldungeons\ardireldefense\ardireldefense\gameworld.cpp(688): warning C4018: '<' : signed/unsigned mismatch
     1>c:\users\carter blalack\documents\github\ardireldungeons\ardireldefense\ardireldefense\gameworld.cpp(689): warning C4018: '<' : signed/unsigned mismatch
     1>c:\users\carter blalack\documents\github\ardireldungeons\ardireldefense\ardireldefense\gameworld.cpp(690): warning C4018: '<' : signed/unsigned mismatch
     1>c:\users\carter blalack\documents\github\ardireldungeons\ardireldefense\ardireldefense\gameworld.cpp(836): warning C4018: '<' : signed/unsigned mismatch
     1>c:\users\carter blalack\documents\github\ardireldungeons\ardireldefense\ardireldefense\gameworld.cpp(868): warning C4018: '<' : signed/unsigned mismatch
       Link:
         C:\Program Files (x86)\Microsoft Visual Studio 11.0\VC\bin\link.exe /ERRORREPORT:PROMPT /OUT:"C:\Users\Carter Blalack\Documents\GitHub\ArdirelDungeons\ArdirelDefense\Debug\ArdirelDefense.exe" /INCREMENTAL /NOLOGO glew32.lib glfw3.lib opengl32.lib SOIL.lib kernel32.lib user32.lib gdi32.lib winspool.lib comdlg32.lib advapi32.lib shell32.lib ole32.lib oleaut32.lib uuid.lib odbc32.lib odbccp32.lib /MANIFEST /MANIFESTUAC:"level='asInvoker' uiAccess='false'" /manifest:embed /DEBUG /PDB:"C:\Users\Carter Blalack\Documents\GitHub\ArdirelDungeons\ArdirelDefense\Debug\ArdirelDefense.pdb" /SUBSYSTEM:CONSOLE /TLBID:1 /DYNAMICBASE /NXCOMPAT /IMPLIB:"C:\Users\Carter Blalack\Documents\GitHub\ArdirelDungeons\ArdirelDefense\Debug\ArdirelDefense.lib" /MACHINE:X86 Debug\GameObject.obj
         Debug\GameWorld.obj
         Debug\Main.obj
         Debug\Map.obj
         Debug\Room.obj
         Debug\ShaderManager.obj
         Debug\WindowManager.obj
         SOIL.lib(SOIL.obj) : MSIL .netmodule or module compiled with /GL found; restarting link with /LTCG; add /LTCG to the link command line to improve linker performance
     1>LINK : warning LNK4075: ignoring '/INCREMENTAL' due to '/LTCG' specification
     1>GameObject.obj : warning LNK4075: ignoring '/EDITANDCONTINUE' due to '/OPT:LBR' specification
     1>LINK : warning LNK4098: defaultlib 'MSVCRT' conflicts with use of other libs; use /NODEFAULTLIB:library
         Generating code
         Finished generating code
     1>SOIL.lib(SOIL.obj) : warning LNK4099: PDB 'vc110.pdb' was not found with 'SOIL.lib(SOIL.obj)' or at 'C:\Users\Carter Blalack\Documents\GitHub\ArdirelDungeons\ArdirelDefense\Debug\vc110.pdb'; linking object as if no debug info
     1>SOIL.lib(stb_image_aug.obj) : warning LNK4099: PDB 'vc110.pdb' was not found with 'SOIL.lib(stb_image_aug.obj)' or at 'C:\Users\Carter Blalack\Documents\GitHub\ArdirelDungeons\ArdirelDefense\Debug\vc110.pdb'; linking object as if no debug info
     1>SOIL.lib(image_helper.obj) : warning LNK4099: PDB 'vc110.pdb' was not found with 'SOIL.lib(image_helper.obj)' or at 'C:\Users\Carter Blalack\Documents\GitHub\ArdirelDungeons\ArdirelDefense\Debug\vc110.pdb'; linking object as if no debug info
     1>SOIL.lib(image_DXT.obj) : warning LNK4099: PDB 'vc110.pdb' was not found with 'SOIL.lib(image_DXT.obj)' or at 'C:\Users\Carter Blalack\Documents\GitHub\ArdirelDungeons\ArdirelDefense\Debug\vc110.pdb'; linking object as if no debug info
         ArdirelDefense.vcxproj -> C:\Users\Carter Blalack\Documents\GitHub\ArdirelDungeons\ArdirelDefense\Debug\ArdirelDefense.exe
     1>Done Building Project "C:\Users\Carter Blalack\Documents\GitHub\ArdirelDungeons\ArdirelDefense\ArdirelDefense\ArdirelDefense.vcxproj" (Build target(s)).

Build succeeded.

Time Elapsed 00:00:06.37
